<?xml version="1.0" encoding="UTF-8"?>
<!-- Generated by org.testng.reporters.JUnitReportReporter -->
<testsuite hostname="mac" failures="0" tests="1" name="tests.Ecommerce" time="18.721" errors="0" timestamp="2025-03-17T13:57:14 IST" skipped="0">
  <testcase classname="tests.Ecommerce" name="addItemToCart" time="18.721"/>
</testsuite> <!-- tests.Ecommerce -->
